\BOOKMARK [1][-]{section.1}{Introduction}{}% 1
\BOOKMARK [1][-]{section.2}{Overview}{}% 2
\BOOKMARK [2][-]{subsection.2.1}{Graphs}{section.2}% 3
\BOOKMARK [2][-]{subsection.2.2}{K\366nigsberg, and its seven bridges}{section.2}% 4
\BOOKMARK [2][-]{subsection.2.3}{What is topological graph theory?}{section.2}% 5
\BOOKMARK [1][-]{section.3}{Graph Theory Background}{}% 6
\BOOKMARK [2][-]{subsection.3.1}{Planer Graphs}{section.3}% 7
\BOOKMARK [2][-]{subsection.3.2}{Graph Drawing}{section.3}% 8
\BOOKMARK [2][-]{subsection.3.3}{Face}{section.3}% 9
\BOOKMARK [2][-]{subsection.3.4}{Walks}{section.3}% 10
\BOOKMARK [3][-]{subsubsection.3.4.1}{Path}{subsection.3.4}% 11
\BOOKMARK [3][-]{subsubsection.3.4.2}{Cycle}{subsection.3.4}% 12
\BOOKMARK [2][-]{subsection.3.5}{Connected}{section.3}% 13
\BOOKMARK [2][-]{subsection.3.6}{Contraction}{section.3}% 14
\BOOKMARK [3][-]{subsubsection.3.6.1}{Edge contraction}{subsection.3.6}% 15
\BOOKMARK [3][-]{subsubsection.3.6.2}{Simple edge contraction}{subsection.3.6}% 16
\BOOKMARK [1][-]{section.4}{Kuratowski's Theorem}{}% 17
\BOOKMARK [2][-]{subsection.4.1}{K5 and K3,3}{section.4}% 18
\BOOKMARK [2][-]{subsection.4.2}{Drawings}{section.4}% 19
\BOOKMARK [2][-]{subsection.4.3}{Subgraph lemmas}{section.4}% 20
\BOOKMARK [2][-]{subsection.4.4}{The Jordan Curve Theorem}{section.4}% 21
\BOOKMARK [2][-]{subsection.4.5}{Connectivity lemmas}{section.4}% 22
\BOOKMARK [2][-]{subsection.4.6}{Bridges}{section.4}% 23
\BOOKMARK [3][-]{subsubsection.4.6.1}{Some more useful definitions about bridges}{subsection.4.6}% 24
\BOOKMARK [2][-]{subsection.4.7}{The home stretch}{section.4}% 25
\BOOKMARK [1][-]{section.5}{Beyond Kuratowski's theorem}{}% 26
\BOOKMARK [2][-]{subsection.5.1}{Genus of a graph}{section.5}% 27
\BOOKMARK [1][-]{section.6}{Conclusion}{}% 28
\BOOKMARK [1][-]{section.7}{Acknowledgments}{}% 29
